f:\viewer\viewer\debug\viewer.pch
f:\viewer\viewer\debug\vc140.pdb
f:\viewer\viewer\debug\vc140.idb
f:\viewer\viewer\debug\stdafx.obj
f:\viewer\viewer\debug\viewer.obj
f:\viewer\viewer\debug\viewerdlg.obj
f:\viewer\viewer\debug\usb2serial_w32.obj
f:\viewer\debug\viewer.ilk
f:\viewer\debug\viewer.exe
f:\viewer\debug\viewer.pdb
f:\viewer\viewer\debug\viewer.res
f:\viewer\viewer\debug\viewer.tlog\cl.command.1.tlog
f:\viewer\viewer\debug\viewer.tlog\cl.read.1.tlog
f:\viewer\viewer\debug\viewer.tlog\cl.write.1.tlog
f:\viewer\viewer\debug\viewer.tlog\link.command.1.tlog
f:\viewer\viewer\debug\viewer.tlog\link.read.1.tlog
f:\viewer\viewer\debug\viewer.tlog\link.write.1.tlog
f:\viewer\viewer\debug\viewer.tlog\rc.command.1.tlog
f:\viewer\viewer\debug\viewer.tlog\rc.read.1.tlog
f:\viewer\viewer\debug\viewer.tlog\rc.write.1.tlog
